<?xml version="1.0" encoding="UTF-8"?>
<!-- Generated by org.testng.reporters.JUnitXMLReporter -->
<testsuite ignored="0" hostname="DESKTOP-K2PVF5F" failures="1" tests="6" name="Test" time="33.097" errors="0" timestamp="2026-02-01T12:55:30 IST">
  <testcase classname="demoShop.qa.tests.MultipleTestCasesRegisterPage" name="verifyCorfirmPassErrorMsg" time="1.47">
    <skipped/>
  </testcase> <!-- verifyCorfirmPassErrorMsg -->
  <testcase classname="demoShop.qa.tests.MultipleTestCasesRegisterPage" name="verifyCorfirmPassErrorMsg" time="1.294">
    <skipped/>
  </testcase> <!-- verifyCorfirmPassErrorMsg -->
  <testcase classname="demoShop.qa.tests.MultipleTestCasesRegisterPage" name="verifyCorfirmPassErrorMsg" time="1.252">
    <skipped/>
  </testcase> <!-- verifyCorfirmPassErrorMsg -->
  <testcase classname="demoShop.qa.tests.MultipleTestCasesRegisterPage" name="verifyCorfirmPassErrorMsg" time="1.242">
    <failure type="java.lang.AssertionError" message="expected [First name is required.] but found [The password and confirmation password do not match.]">
      <![CDATA[java.lang.AssertionError: expected [First name is required.] but found [The password and confirmation password do not match.]
at demoShop.qa.tests.MultipleTestCasesRegisterPage.verifyCorfirmPassErrorMsg(MultipleTestCasesRegisterPage.java:79)
at java.base/java.util.ArrayList.forEach(ArrayList.java:1596)
... Removed 31 stack frames]]>
    </failure>
  </testcase> <!-- verifyCorfirmPassErrorMsg -->
  <testcase classname="demoShop.qa.tests.MultipleTestCasesRegisterPage" name="verifyErrorMsgFirstname" time="0.755"/>
  <testcase classname="demoShop.qa.tests.MultipleTestCasesRegisterPage" name="verifyPageTitle" time="0.564"/>
</testsuite> <!-- Test -->
