<?xml version="1.0" encoding="UTF-8"?>
<testng-results ignored="0" total="1" passed="1" failed="0" skipped="0">
  <reporter-output>
  </reporter-output>
  <suite started-at="2026-02-15T11:28:16 IST" name="Default suite" finished-at="2026-02-15T11:28:25 IST" duration-ms="9635">
    <groups>
    </groups>
    <test started-at="2026-02-15T11:28:16 IST" name="Default test" finished-at="2026-02-15T11:28:25 IST" duration-ms="9635">
      <class name="demoShop.qa.tests.Testcase05">
        <test-method is-config="true" signature="setup(java.lang.String)[pri:0, instance:demoShop.qa.tests.Testcase05@2313052e]" started-at="2026-02-15T11:28:16 IST" name="setup" finished-at="2026-02-15T11:28:23 IST" duration-ms="7585" status="PASS">
          <params>
            <param index="0">
              <value is-null="true"/>
            </param>
          </params>
          <reporter-output>
          </reporter-output>
        </test-method> <!-- setup -->
        <test-method signature="registerUser05()[pri:0, instance:demoShop.qa.tests.Testcase05@2313052e]" started-at="2026-02-15T11:28:24 IST" name="registerUser05" finished-at="2026-02-15T11:28:25 IST" duration-ms="1764" status="PASS">
          <reporter-output>
          </reporter-output>
        </test-method> <!-- registerUser05 -->
        <test-method is-config="true" signature="tearDown()[pri:0, instance:demoShop.qa.tests.Testcase05@2313052e]" started-at="2026-02-15T11:28:25 IST" name="tearDown" finished-at="2026-02-15T11:28:25 IST" duration-ms="167" status="PASS">
          <reporter-output>
          </reporter-output>
        </test-method> <!-- tearDown -->
      </class> <!-- demoShop.qa.tests.Testcase05 -->
    </test> <!-- Default test -->
  </suite> <!-- Default suite -->
</testng-results>
