<?xml version="1.0" encoding="UTF-8"?>
<!-- Generated by org.testng.reporters.JUnitReportReporter -->
<testsuite hostname="DESKTOP-K2PVF5F" failures="0" tests="3" name="demoShop.qa.tests.MultipleTestCasesRegisterPage" time="12.994" errors="0" timestamp="2026-02-15T11:27:05 IST" skipped="0">
  <testcase classname="demoShop.qa.tests.MultipleTestCasesRegisterPage" name="verifyCorfirmPassErrorMsg" time="4.404"/>
  <testcase classname="demoShop.qa.tests.MultipleTestCasesRegisterPage" name="verifyErrorMsgFirstname" time="4.128"/>
  <testcase classname="demoShop.qa.tests.MultipleTestCasesRegisterPage" name="verifyPageTitle" time="4.462"/>
</testsuite> <!-- demoShop.qa.tests.MultipleTestCasesRegisterPage -->
