<?xml version="1.0" encoding="UTF-8"?>
<!-- Generated by org.testng.reporters.JUnitReportReporter -->
<testsuite hostname="DESKTOP-K2PVF5F" failures="1" tests="5" name="demoShop.qa.tests.Testcase07" time="20.090" errors="0" timestamp="2026-02-01T11:45:05 IST" skipped="3">
  <testcase classname="demoShop.qa.tests.Testcase07" name="dummyTest" time="2.108">
    <skipped/>
  </testcase> <!-- dummyTest -->
  <testcase classname="demoShop.qa.tests.Testcase07" name="dummyTest" time="3.600">
    <skipped/>
  </testcase> <!-- dummyTest -->
  <testcase classname="demoShop.qa.tests.Testcase07" name="registerUser07" time="6.753"/>
  <testcase classname="demoShop.qa.tests.Testcase07" name="dummyTest" time="4.051">
    <skipped/>
  </testcase> <!-- dummyTest -->
  <testcase classname="demoShop.qa.tests.Testcase07" name="dummyTest" time="3.578">
    <failure message="null" type="java.lang.AssertionError">
      <![CDATA[java.lang.AssertionError: null
at org.testng.Assert.fail(Assert.java:111)
at org.testng.Assert.fail(Assert.java:116)
at demoShop.qa.tests.Testcase07.dummyTest(Testcase07.java:53)
at java.base/jdk.internal.reflect.DirectMethodHandleAccessor.invoke(DirectMethodHandleAccessor.java:103)
at java.base/java.lang.reflect.Method.invoke(Method.java:580)
at org.testng.internal.invokers.MethodInvocationHelper.invokeMethod(MethodInvocationHelper.java:141)
at org.testng.internal.invokers.TestInvoker.invokeMethod(TestInvoker.java:687)
at org.testng.internal.invokers.TestInvoker.retryFailed(TestInvoker.java:269)
at org.testng.internal.invokers.MethodRunner.runInSequence(MethodRunner.java:76)
at org.testng.internal.invokers.TestInvoker$MethodInvocationAgent.invoke(TestInvoker.java:995)
at org.testng.internal.invokers.TestInvoker.invokeTestMethods(TestInvoker.java:203)
at org.testng.internal.invokers.TestMethodWorker.invokeTestMethods(TestMethodWorker.java:154)
at org.testng.internal.invokers.TestMethodWorker.run(TestMethodWorker.java:134)
at java.base/java.util.concurrent.Executors$RunnableAdapter.call(Executors.java:572)
at java.base/java.util.concurrent.FutureTask.run(FutureTask.java:317)
at org.testng.internal.thread.graph.TestNGFutureTask.run(TestNGFutureTask.java:22)
at java.base/java.util.concurrent.ThreadPoolExecutor.runWorker(ThreadPoolExecutor.java:1144)
at java.base/java.util.concurrent.ThreadPoolExecutor$Worker.run(ThreadPoolExecutor.java:642)
at java.base/java.lang.Thread.run(Thread.java:1583)
]]>
    </failure>
  </testcase> <!-- dummyTest -->
</testsuite> <!-- demoShop.qa.tests.Testcase07 -->
