<?xml version="1.0" encoding="UTF-8"?>
<!-- Generated by org.testng.reporters.JUnitReportReporter -->
<testsuite hostname="DESKTOP-K2PVF5F" failures="0" tests="4" name="demoShop.qa.tests.TestCase01" time="27.170" errors="0" timestamp="2026-01-31T13:12:04 IST" skipped="0">
  <testcase classname="demoShop.qa.tests.TestCase01" name="registerUser" time="7.162"/>
  <testcase classname="demoShop.qa.tests.TestCase01" name="registerUser" time="6.482"/>
  <testcase classname="demoShop.qa.tests.TestCase01" name="registerUser" time="6.571"/>
  <testcase classname="demoShop.qa.tests.TestCase01" name="registerUser" time="6.955"/>
</testsuite> <!-- demoShop.qa.tests.TestCase01 -->
