<?xml version="1.0" encoding="UTF-8"?>
<!-- Generated by org.testng.reporters.JUnitReportReporter -->
<testsuite hostname="DESKTOP-K2PVF5F" failures="0" tests="2" name="demoShop.qa.tests.MultipleTestCases" time="25.430" errors="0" timestamp="2026-01-31T13:12:04 IST" skipped="0">
  <testcase classname="demoShop.qa.tests.MultipleTestCases" name="registerUser" time="6.933"/>
  <testcase classname="demoShop.qa.tests.MultipleTestCases" name="orderbook" time="18.497"/>
</testsuite> <!-- demoShop.qa.tests.MultipleTestCases -->
